[0.614s] DEBUG:colcon:Command line arguments: ['/usr/bin/colcon', 'build']
[0.615s] DEBUG:colcon:Parsed command line arguments: Namespace(log_base=None, log_level=None, verb_name='build', build_base='build', install_base='install', merge_install=False, symlink_install=False, test_result_base=None, continue_on_error=False, executor='parallel', parallel_workers=4, event_handlers=None, ignore_user_meta=False, metas=['./colcon.meta'], base_paths=['.'], packages_ignore=None, packages_ignore_regex=None, paths=None, packages_up_to=None, packages_up_to_regex=None, packages_above=None, packages_above_and_dependencies=None, packages_above_depth=None, packages_select_by_dep=None, packages_skip_by_dep=None, packages_skip_up_to=None, packages_select_build_failed=False, packages_skip_build_finished=False, packages_select_test_failures=False, packages_skip_test_passed=False, packages_select=None, packages_skip=None, packages_select_regex=None, packages_skip_regex=None, packages_start=None, packages_end=None, allow_overriding=[], cmake_args=None, cmake_target=None, cmake_target_skip_unavailable=False, cmake_clean_cache=False, cmake_clean_first=False, cmake_force_configure=False, ament_cmake_args=None, catkin_cmake_args=None, catkin_skip_building_tests=False, verb_parser=<colcon_defaults.argument_parser.defaults.DefaultArgumentsDecorator object at 0xffffb8ef63e0>, verb_extension=<colcon_core.verb.build.BuildVerb object at 0xffffb92bfee0>, main=<bound method BuildVerb.main of <colcon_core.verb.build.BuildVerb object at 0xffffb92bfee0>>)
[1.610s] Level 1:colcon.colcon_core.package_discovery:discover_packages(colcon_meta) check parameters
[1.611s] Level 1:colcon.colcon_core.package_discovery:discover_packages(recursive) check parameters
[1.611s] Level 1:colcon.colcon_core.package_discovery:discover_packages(ignore) check parameters
[1.611s] Level 1:colcon.colcon_core.package_discovery:discover_packages(path) check parameters
[1.611s] Level 1:colcon.colcon_core.package_discovery:discover_packages(colcon_meta) discover
[1.612s] Level 1:colcon.colcon_core.package_discovery:discover_packages(recursive) discover
[1.612s] INFO:colcon.colcon_core.package_discovery:Crawling recursively for packages in '/home/jmazelin/ros2_ws/src/ROS2_Lidar_Robot'
[1.613s] Level 1:colcon.colcon_core.package_identification:_identify(.) by extensions ['ignore', 'ignore_ament_install']
[1.613s] Level 1:colcon.colcon_core.package_identification:_identify(.) by extension 'ignore'
[1.614s] Level 1:colcon.colcon_core.package_identification:_identify(.) by extension 'ignore_ament_install'
[1.614s] Level 1:colcon.colcon_core.package_identification:_identify(.) by extensions ['colcon_pkg']
[1.614s] Level 1:colcon.colcon_core.package_identification:_identify(.) by extension 'colcon_pkg'
[1.614s] Level 1:colcon.colcon_core.package_identification:_identify(.) by extensions ['colcon_meta']
[1.614s] Level 1:colcon.colcon_core.package_identification:_identify(.) by extension 'colcon_meta'
[1.615s] Level 1:colcon.colcon_core.package_identification:_identify(.) by extensions ['ros']
[1.615s] Level 1:colcon.colcon_core.package_identification:_identify(.) by extension 'ros'
[1.679s] Level 1:colcon.colcon_core.package_identification:_identify(.) by extensions ['cmake', 'python']
[1.679s] Level 1:colcon.colcon_core.package_identification:_identify(.) by extension 'cmake'
[1.680s] Level 1:colcon.colcon_core.package_identification:_identify(.) by extension 'python'
[1.680s] Level 1:colcon.colcon_core.package_identification:_identify(.) by extensions ['python_setup_py']
[1.680s] Level 1:colcon.colcon_core.package_identification:_identify(.) by extension 'python_setup_py'
[1.680s] Level 1:colcon.colcon_core.package_identification:_identify(build) by extensions ['ignore', 'ignore_ament_install']
[1.681s] Level 1:colcon.colcon_core.package_identification:_identify(build) by extension 'ignore'
[1.681s] Level 1:colcon.colcon_core.package_identification:_identify(build) ignored
[1.681s] Level 1:colcon.colcon_core.package_identification:_identify(install) by extensions ['ignore', 'ignore_ament_install']
[1.682s] Level 1:colcon.colcon_core.package_identification:_identify(install) by extension 'ignore'
[1.682s] Level 1:colcon.colcon_core.package_identification:_identify(install) ignored
[1.682s] Level 1:colcon.colcon_core.package_identification:_identify(lidar_bot) by extensions ['ignore', 'ignore_ament_install']
[1.682s] Level 1:colcon.colcon_core.package_identification:_identify(lidar_bot) by extension 'ignore'
[1.683s] Level 1:colcon.colcon_core.package_identification:_identify(lidar_bot) by extension 'ignore_ament_install'
[1.683s] Level 1:colcon.colcon_core.package_identification:_identify(lidar_bot) by extensions ['colcon_pkg']
[1.683s] Level 1:colcon.colcon_core.package_identification:_identify(lidar_bot) by extension 'colcon_pkg'
[1.683s] Level 1:colcon.colcon_core.package_identification:_identify(lidar_bot) by extensions ['colcon_meta']
[1.683s] Level 1:colcon.colcon_core.package_identification:_identify(lidar_bot) by extension 'colcon_meta'
[1.684s] Level 1:colcon.colcon_core.package_identification:_identify(lidar_bot) by extensions ['ros']
[1.684s] Level 1:colcon.colcon_core.package_identification:_identify(lidar_bot) by extension 'ros'
[1.696s] DEBUG:colcon.colcon_core.package_identification:Package 'lidar_bot' with type 'ros.ament_python' and name 'lidar_bot'
[1.696s] Level 1:colcon.colcon_core.package_identification:_identify(log) by extensions ['ignore', 'ignore_ament_install']
[1.697s] Level 1:colcon.colcon_core.package_identification:_identify(log) by extension 'ignore'
[1.697s] Level 1:colcon.colcon_core.package_identification:_identify(log) ignored
[1.697s] Level 1:colcon.colcon_core.package_discovery:discover_packages(recursive) using defaults
[1.697s] Level 1:colcon.colcon_core.package_discovery:discover_packages(ignore) discover
[1.697s] Level 1:colcon.colcon_core.package_discovery:discover_packages(ignore) using defaults
[1.698s] Level 1:colcon.colcon_core.package_discovery:discover_packages(path) discover
[1.698s] Level 1:colcon.colcon_core.package_discovery:discover_packages(path) using defaults
[1.814s] Level 1:colcon.colcon_core.package_discovery:discover_packages(prefix_path) check parameters
[1.814s] Level 1:colcon.colcon_core.package_discovery:discover_packages(prefix_path) discover
[1.834s] DEBUG:colcon.colcon_installed_package_information.package_discovery:Found 1 installed packages in /home/jmazelin/ros2_ws/install
[1.842s] DEBUG:colcon.colcon_installed_package_information.package_discovery:Found 182 installed packages in /opt/ros/humble
[1.846s] Level 1:colcon.colcon_core.package_discovery:discover_packages(prefix_path) using defaults
[1.987s] Level 5:colcon.colcon_core.verb:set package 'lidar_bot' build argument 'cmake_args' from command line to 'None'
[1.988s] Level 5:colcon.colcon_core.verb:set package 'lidar_bot' build argument 'cmake_target' from command line to 'None'
[1.988s] Level 5:colcon.colcon_core.verb:set package 'lidar_bot' build argument 'cmake_target_skip_unavailable' from command line to 'False'
[1.988s] Level 5:colcon.colcon_core.verb:set package 'lidar_bot' build argument 'cmake_clean_cache' from command line to 'False'
[1.988s] Level 5:colcon.colcon_core.verb:set package 'lidar_bot' build argument 'cmake_clean_first' from command line to 'False'
[1.988s] Level 5:colcon.colcon_core.verb:set package 'lidar_bot' build argument 'cmake_force_configure' from command line to 'False'
[1.988s] Level 5:colcon.colcon_core.verb:set package 'lidar_bot' build argument 'ament_cmake_args' from command line to 'None'
[1.988s] Level 5:colcon.colcon_core.verb:set package 'lidar_bot' build argument 'catkin_cmake_args' from command line to 'None'
[1.988s] Level 5:colcon.colcon_core.verb:set package 'lidar_bot' build argument 'catkin_skip_building_tests' from command line to 'False'
[1.988s] DEBUG:colcon.colcon_core.verb:Building package 'lidar_bot' with the following arguments: {'ament_cmake_args': None, 'build_base': '/home/jmazelin/ros2_ws/src/ROS2_Lidar_Robot/build/lidar_bot', 'catkin_cmake_args': None, 'catkin_skip_building_tests': False, 'cmake_args': None, 'cmake_clean_cache': False, 'cmake_clean_first': False, 'cmake_force_configure': False, 'cmake_target': None, 'cmake_target_skip_unavailable': False, 'install_base': '/home/jmazelin/ros2_ws/src/ROS2_Lidar_Robot/install/lidar_bot', 'merge_install': False, 'path': '/home/jmazelin/ros2_ws/src/ROS2_Lidar_Robot/lidar_bot', 'symlink_install': False, 'test_result_base': None}
[1.989s] INFO:colcon.colcon_core.executor:Executing jobs using 'parallel' executor
[1.992s] DEBUG:colcon.colcon_parallel_executor.executor.parallel:run_until_complete
[1.993s] INFO:colcon.colcon_ros.task.ament_python.build:Building ROS package in '/home/jmazelin/ros2_ws/src/ROS2_Lidar_Robot/lidar_bot' with build type 'ament_python'
[1.994s] Level 1:colcon.colcon_core.shell:create_environment_hook('lidar_bot', 'ament_prefix_path')
[2.013s] INFO:colcon.colcon_core.plugin_system:Skipping extension 'colcon_core.shell.bat': Not used on non-Windows systems
[2.015s] INFO:colcon.colcon_core.shell:Creating environment hook '/home/jmazelin/ros2_ws/src/ROS2_Lidar_Robot/install/lidar_bot/share/lidar_bot/hook/ament_prefix_path.ps1'
[2.019s] INFO:colcon.colcon_core.shell:Creating environment descriptor '/home/jmazelin/ros2_ws/src/ROS2_Lidar_Robot/install/lidar_bot/share/lidar_bot/hook/ament_prefix_path.dsv'
[2.022s] INFO:colcon.colcon_core.shell:Creating environment hook '/home/jmazelin/ros2_ws/src/ROS2_Lidar_Robot/install/lidar_bot/share/lidar_bot/hook/ament_prefix_path.sh'
[2.026s] INFO:colcon.colcon_core.shell:Skip shell extension 'powershell' for command environment: Not usable outside of PowerShell
[2.026s] DEBUG:colcon.colcon_core.shell:Skip shell extension 'dsv' for command environment
[3.148s] INFO:colcon.colcon_core.task.python.build:Building Python package in '/home/jmazelin/ros2_ws/src/ROS2_Lidar_Robot/lidar_bot'
[3.149s] INFO:colcon.colcon_core.shell:Skip shell extension 'powershell' for command environment: Not usable outside of PowerShell
[3.150s] DEBUG:colcon.colcon_core.shell:Skip shell extension 'dsv' for command environment
[5.291s] DEBUG:colcon.colcon_core.event_handler.log_command:Invoking command in '/home/jmazelin/ros2_ws/src/ROS2_Lidar_Robot/lidar_bot': PYTHONPATH=/home/jmazelin/ros2_ws/src/ROS2_Lidar_Robot/build/lidar_bot/prefix_override:/usr/lib/python3/dist-packages/colcon_core/task/python/colcon_distutils_commands:/home/jmazelin/ros2_ws/src/ROS2_Lidar_Robot/install/lidar_bot/lib/python3.10/site-packages:${PYTHONPATH} /usr/bin/python3 -W ignore:setup.py install is deprecated -W ignore:easy_install command is deprecated setup.py egg_info --egg-base ../build/lidar_bot build --build-base /home/jmazelin/ros2_ws/src/ROS2_Lidar_Robot/build/lidar_bot/build install --record /home/jmazelin/ros2_ws/src/ROS2_Lidar_Robot/build/lidar_bot/install.log --single-version-externally-managed install_data
[6.511s] DEBUG:colcon.colcon_core.event_handler.log_command:Invoked command in '/home/jmazelin/ros2_ws/src/ROS2_Lidar_Robot/lidar_bot' returned '0': PYTHONPATH=/home/jmazelin/ros2_ws/src/ROS2_Lidar_Robot/build/lidar_bot/prefix_override:/usr/lib/python3/dist-packages/colcon_core/task/python/colcon_distutils_commands:/home/jmazelin/ros2_ws/src/ROS2_Lidar_Robot/install/lidar_bot/lib/python3.10/site-packages:${PYTHONPATH} /usr/bin/python3 -W ignore:setup.py install is deprecated -W ignore:easy_install command is deprecated setup.py egg_info --egg-base ../build/lidar_bot build --build-base /home/jmazelin/ros2_ws/src/ROS2_Lidar_Robot/build/lidar_bot/build install --record /home/jmazelin/ros2_ws/src/ROS2_Lidar_Robot/build/lidar_bot/install.log --single-version-externally-managed install_data
[6.533s] Level 1:colcon.colcon_core.environment:checking '/home/jmazelin/ros2_ws/src/ROS2_Lidar_Robot/install/lidar_bot' for CMake module files
[6.536s] Level 1:colcon.colcon_core.environment:checking '/home/jmazelin/ros2_ws/src/ROS2_Lidar_Robot/install/lidar_bot' for CMake config files
[6.540s] Level 1:colcon.colcon_core.environment:checking '/home/jmazelin/ros2_ws/src/ROS2_Lidar_Robot/install/lidar_bot/lib'
[6.541s] Level 1:colcon.colcon_core.environment:checking '/home/jmazelin/ros2_ws/src/ROS2_Lidar_Robot/install/lidar_bot/bin'
[6.542s] Level 1:colcon.colcon_core.environment:checking '/home/jmazelin/ros2_ws/src/ROS2_Lidar_Robot/install/lidar_bot/lib/pkgconfig/lidar_bot.pc'
[6.543s] Level 1:colcon.colcon_core.environment:checking '/home/jmazelin/ros2_ws/src/ROS2_Lidar_Robot/install/lidar_bot/lib/python3.10/site-packages'
[6.543s] Level 1:colcon.colcon_core.shell:create_environment_hook('lidar_bot', 'pythonpath')
[6.544s] INFO:colcon.colcon_core.shell:Creating environment hook '/home/jmazelin/ros2_ws/src/ROS2_Lidar_Robot/install/lidar_bot/share/lidar_bot/hook/pythonpath.ps1'
[6.546s] INFO:colcon.colcon_core.shell:Creating environment descriptor '/home/jmazelin/ros2_ws/src/ROS2_Lidar_Robot/install/lidar_bot/share/lidar_bot/hook/pythonpath.dsv'
[6.548s] INFO:colcon.colcon_core.shell:Creating environment hook '/home/jmazelin/ros2_ws/src/ROS2_Lidar_Robot/install/lidar_bot/share/lidar_bot/hook/pythonpath.sh'
[6.551s] Level 1:colcon.colcon_core.environment:checking '/home/jmazelin/ros2_ws/src/ROS2_Lidar_Robot/install/lidar_bot/bin'
[6.551s] Level 1:colcon.colcon_core.environment:create_environment_scripts_only(lidar_bot)
[6.553s] INFO:colcon.colcon_core.shell:Creating package script '/home/jmazelin/ros2_ws/src/ROS2_Lidar_Robot/install/lidar_bot/share/lidar_bot/package.ps1'
[6.558s] INFO:colcon.colcon_core.shell:Creating package descriptor '/home/jmazelin/ros2_ws/src/ROS2_Lidar_Robot/install/lidar_bot/share/lidar_bot/package.dsv'
[6.562s] INFO:colcon.colcon_core.shell:Creating package script '/home/jmazelin/ros2_ws/src/ROS2_Lidar_Robot/install/lidar_bot/share/lidar_bot/package.sh'
[6.567s] INFO:colcon.colcon_core.shell:Creating package script '/home/jmazelin/ros2_ws/src/ROS2_Lidar_Robot/install/lidar_bot/share/lidar_bot/package.bash'
[6.571s] INFO:colcon.colcon_core.shell:Creating package script '/home/jmazelin/ros2_ws/src/ROS2_Lidar_Robot/install/lidar_bot/share/lidar_bot/package.zsh'
[6.575s] Level 1:colcon.colcon_core.environment:create_file_with_runtime_dependencies(/home/jmazelin/ros2_ws/src/ROS2_Lidar_Robot/install/lidar_bot/share/colcon-core/packages/lidar_bot)
[6.577s] DEBUG:colcon.colcon_parallel_executor.executor.parallel:closing loop
[6.578s] DEBUG:colcon.colcon_parallel_executor.executor.parallel:loop closed
[6.579s] DEBUG:colcon.colcon_parallel_executor.executor.parallel:run_until_complete finished with '0'
[6.579s] DEBUG:colcon.colcon_core.event_reactor:joining thread
[6.606s] INFO:colcon.colcon_core.plugin_system:Skipping extension 'colcon_notification.desktop_notification.notify_send': Could not find 'notify-send'
[6.606s] INFO:colcon.colcon_core.plugin_system:Skipping extension 'colcon_notification.desktop_notification.terminal_notifier': Not used on non-Darwin systems
[6.606s] INFO:colcon.colcon_core.plugin_system:Skipping extension 'colcon_notification.desktop_notification.win32': Not used on non-Windows systems
[6.606s] INFO:colcon.colcon_notification.desktop_notification:Sending desktop notification using 'notify2'
[6.721s] DEBUG:colcon.colcon_notification.desktop_notification.notify2:Failed to initialize notify2: org.freedesktop.DBus.Error.ServiceUnknown: The name org.freedesktop.Notifications was not provided by any .service files
[6.722s] DEBUG:colcon.colcon_core.event_reactor:joined thread
[6.723s] INFO:colcon.colcon_core.shell:Creating prefix script '/home/jmazelin/ros2_ws/src/ROS2_Lidar_Robot/install/local_setup.ps1'
[6.729s] INFO:colcon.colcon_core.shell:Creating prefix util module '/home/jmazelin/ros2_ws/src/ROS2_Lidar_Robot/install/_local_setup_util_ps1.py'
[6.737s] INFO:colcon.colcon_core.shell:Creating prefix chain script '/home/jmazelin/ros2_ws/src/ROS2_Lidar_Robot/install/setup.ps1'
[6.742s] INFO:colcon.colcon_core.shell:Creating prefix script '/home/jmazelin/ros2_ws/src/ROS2_Lidar_Robot/install/local_setup.sh'
[6.746s] INFO:colcon.colcon_core.shell:Creating prefix util module '/home/jmazelin/ros2_ws/src/ROS2_Lidar_Robot/install/_local_setup_util_sh.py'
[6.749s] INFO:colcon.colcon_core.shell:Creating prefix chain script '/home/jmazelin/ros2_ws/src/ROS2_Lidar_Robot/install/setup.sh'
[6.754s] INFO:colcon.colcon_core.shell:Creating prefix script '/home/jmazelin/ros2_ws/src/ROS2_Lidar_Robot/install/local_setup.bash'
[6.757s] INFO:colcon.colcon_core.shell:Creating prefix chain script '/home/jmazelin/ros2_ws/src/ROS2_Lidar_Robot/install/setup.bash'
[6.762s] INFO:colcon.colcon_core.shell:Creating prefix script '/home/jmazelin/ros2_ws/src/ROS2_Lidar_Robot/install/local_setup.zsh'
[6.765s] INFO:colcon.colcon_core.shell:Creating prefix chain script '/home/jmazelin/ros2_ws/src/ROS2_Lidar_Robot/install/setup.zsh'
