[0.415s] DEBUG:colcon:Command line arguments: ['/usr/bin/colcon', 'build']
[0.415s] DEBUG:colcon:Parsed command line arguments: Namespace(log_base=None, log_level=None, verb_name='build', build_base='build', install_base='install', merge_install=False, symlink_install=False, test_result_base=None, continue_on_error=False, executor='parallel', parallel_workers=4, event_handlers=None, ignore_user_meta=False, metas=['./colcon.meta'], base_paths=['.'], packages_ignore=None, packages_ignore_regex=None, paths=None, packages_up_to=None, packages_up_to_regex=None, packages_above=None, packages_above_and_dependencies=None, packages_above_depth=None, packages_select_by_dep=None, packages_skip_by_dep=None, packages_skip_up_to=None, packages_select_build_failed=False, packages_skip_build_finished=False, packages_select_test_failures=False, packages_skip_test_passed=False, packages_select=None, packages_skip=None, packages_select_regex=None, packages_skip_regex=None, packages_start=None, packages_end=None, allow_overriding=[], cmake_args=None, cmake_target=None, cmake_target_skip_unavailable=False, cmake_clean_cache=False, cmake_clean_first=False, cmake_force_configure=False, ament_cmake_args=None, catkin_cmake_args=None, catkin_skip_building_tests=False, verb_parser=<colcon_defaults.argument_parser.defaults.DefaultArgumentsDecorator object at 0xffffa1dc6500>, verb_extension=<colcon_core.verb.build.BuildVerb object at 0xffffa218cb80>, main=<bound method BuildVerb.main of <colcon_core.verb.build.BuildVerb object at 0xffffa218cb80>>)
[1.437s] Level 1:colcon.colcon_core.package_discovery:discover_packages(colcon_meta) check parameters
[1.439s] Level 1:colcon.colcon_core.package_discovery:discover_packages(recursive) check parameters
[1.440s] Level 1:colcon.colcon_core.package_discovery:discover_packages(ignore) check parameters
[1.441s] Level 1:colcon.colcon_core.package_discovery:discover_packages(path) check parameters
[1.442s] Level 1:colcon.colcon_core.package_discovery:discover_packages(colcon_meta) discover
[1.443s] Level 1:colcon.colcon_core.package_discovery:discover_packages(recursive) discover
[1.443s] INFO:colcon.colcon_core.package_discovery:Crawling recursively for packages in '/home/jmazelin/ros2_ws/src/ROS2_Lidar_Robot'
[1.445s] Level 1:colcon.colcon_core.package_identification:_identify(.) by extensions ['ignore', 'ignore_ament_install']
[1.447s] Level 1:colcon.colcon_core.package_identification:_identify(.) by extension 'ignore'
[1.448s] Level 1:colcon.colcon_core.package_identification:_identify(.) by extension 'ignore_ament_install'
[1.449s] Level 1:colcon.colcon_core.package_identification:_identify(.) by extensions ['colcon_pkg']
[1.450s] Level 1:colcon.colcon_core.package_identification:_identify(.) by extension 'colcon_pkg'
[1.451s] Level 1:colcon.colcon_core.package_identification:_identify(.) by extensions ['colcon_meta']
[1.451s] Level 1:colcon.colcon_core.package_identification:_identify(.) by extension 'colcon_meta'
[1.452s] Level 1:colcon.colcon_core.package_identification:_identify(.) by extensions ['ros']
[1.453s] Level 1:colcon.colcon_core.package_identification:_identify(.) by extension 'ros'
[1.542s] Level 1:colcon.colcon_core.package_identification:_identify(.) by extensions ['cmake', 'python']
[1.543s] Level 1:colcon.colcon_core.package_identification:_identify(.) by extension 'cmake'
[1.544s] Level 1:colcon.colcon_core.package_identification:_identify(.) by extension 'python'
[1.545s] Level 1:colcon.colcon_core.package_identification:_identify(.) by extensions ['python_setup_py']
[1.546s] Level 1:colcon.colcon_core.package_identification:_identify(.) by extension 'python_setup_py'
[1.547s] Level 1:colcon.colcon_core.package_identification:_identify(build) by extensions ['ignore', 'ignore_ament_install']
[1.549s] Level 1:colcon.colcon_core.package_identification:_identify(build) by extension 'ignore'
[1.551s] Level 1:colcon.colcon_core.package_identification:_identify(build) ignored
[1.553s] Level 1:colcon.colcon_core.package_identification:_identify(install) by extensions ['ignore', 'ignore_ament_install']
[1.555s] Level 1:colcon.colcon_core.package_identification:_identify(install) by extension 'ignore'
[1.556s] Level 1:colcon.colcon_core.package_identification:_identify(install) ignored
[1.557s] Level 1:colcon.colcon_core.package_identification:_identify(lidar_bot) by extensions ['ignore', 'ignore_ament_install']
[1.561s] Level 1:colcon.colcon_core.package_identification:_identify(lidar_bot) by extension 'ignore'
[1.562s] Level 1:colcon.colcon_core.package_identification:_identify(lidar_bot) by extension 'ignore_ament_install'
[1.563s] Level 1:colcon.colcon_core.package_identification:_identify(lidar_bot) by extensions ['colcon_pkg']
[1.564s] Level 1:colcon.colcon_core.package_identification:_identify(lidar_bot) by extension 'colcon_pkg'
[1.565s] Level 1:colcon.colcon_core.package_identification:_identify(lidar_bot) by extensions ['colcon_meta']
[1.573s] Level 1:colcon.colcon_core.package_identification:_identify(lidar_bot) by extension 'colcon_meta'
[1.574s] Level 1:colcon.colcon_core.package_identification:_identify(lidar_bot) by extensions ['ros']
[1.576s] Level 1:colcon.colcon_core.package_identification:_identify(lidar_bot) by extension 'ros'
[1.611s] DEBUG:colcon.colcon_core.package_identification:Package 'lidar_bot' with type 'ros.ament_python' and name 'lidar_bot'
[1.620s] Level 1:colcon.colcon_core.package_identification:_identify(log) by extensions ['ignore', 'ignore_ament_install']
[1.632s] Level 1:colcon.colcon_core.package_identification:_identify(log) by extension 'ignore'
[1.634s] Level 1:colcon.colcon_core.package_identification:_identify(log) ignored
[1.635s] Level 1:colcon.colcon_core.package_discovery:discover_packages(recursive) using defaults
[1.644s] Level 1:colcon.colcon_core.package_discovery:discover_packages(ignore) discover
[1.645s] Level 1:colcon.colcon_core.package_discovery:discover_packages(ignore) using defaults
[1.646s] Level 1:colcon.colcon_core.package_discovery:discover_packages(path) discover
[1.647s] Level 1:colcon.colcon_core.package_discovery:discover_packages(path) using defaults
[1.900s] Level 1:colcon.colcon_core.package_discovery:discover_packages(prefix_path) check parameters
[1.901s] Level 1:colcon.colcon_core.package_discovery:discover_packages(prefix_path) discover
[1.925s] DEBUG:colcon.colcon_installed_package_information.package_discovery:Found 1 installed packages in /home/jmazelin/ros2_ws/install
[1.938s] DEBUG:colcon.colcon_installed_package_information.package_discovery:Found 182 installed packages in /opt/ros/humble
[1.943s] Level 1:colcon.colcon_core.package_discovery:discover_packages(prefix_path) using defaults
[2.204s] Level 5:colcon.colcon_core.verb:set package 'lidar_bot' build argument 'cmake_args' from command line to 'None'
[2.205s] Level 5:colcon.colcon_core.verb:set package 'lidar_bot' build argument 'cmake_target' from command line to 'None'
[2.206s] Level 5:colcon.colcon_core.verb:set package 'lidar_bot' build argument 'cmake_target_skip_unavailable' from command line to 'False'
[2.207s] Level 5:colcon.colcon_core.verb:set package 'lidar_bot' build argument 'cmake_clean_cache' from command line to 'False'
[2.207s] Level 5:colcon.colcon_core.verb:set package 'lidar_bot' build argument 'cmake_clean_first' from command line to 'False'
[2.208s] Level 5:colcon.colcon_core.verb:set package 'lidar_bot' build argument 'cmake_force_configure' from command line to 'False'
[2.209s] Level 5:colcon.colcon_core.verb:set package 'lidar_bot' build argument 'ament_cmake_args' from command line to 'None'
[2.210s] Level 5:colcon.colcon_core.verb:set package 'lidar_bot' build argument 'catkin_cmake_args' from command line to 'None'
[2.211s] Level 5:colcon.colcon_core.verb:set package 'lidar_bot' build argument 'catkin_skip_building_tests' from command line to 'False'
[2.212s] DEBUG:colcon.colcon_core.verb:Building package 'lidar_bot' with the following arguments: {'ament_cmake_args': None, 'build_base': '/home/jmazelin/ros2_ws/src/ROS2_Lidar_Robot/build/lidar_bot', 'catkin_cmake_args': None, 'catkin_skip_building_tests': False, 'cmake_args': None, 'cmake_clean_cache': False, 'cmake_clean_first': False, 'cmake_force_configure': False, 'cmake_target': None, 'cmake_target_skip_unavailable': False, 'install_base': '/home/jmazelin/ros2_ws/src/ROS2_Lidar_Robot/install/lidar_bot', 'merge_install': False, 'path': '/home/jmazelin/ros2_ws/src/ROS2_Lidar_Robot/lidar_bot', 'symlink_install': False, 'test_result_base': None}
[2.214s] INFO:colcon.colcon_core.executor:Executing jobs using 'parallel' executor
[2.219s] DEBUG:colcon.colcon_parallel_executor.executor.parallel:run_until_complete
[2.221s] INFO:colcon.colcon_ros.task.ament_python.build:Building ROS package in '/home/jmazelin/ros2_ws/src/ROS2_Lidar_Robot/lidar_bot' with build type 'ament_python'
[2.223s] Level 1:colcon.colcon_core.shell:create_environment_hook('lidar_bot', 'ament_prefix_path')
[2.237s] INFO:colcon.colcon_core.plugin_system:Skipping extension 'colcon_core.shell.bat': Not used on non-Windows systems
[2.240s] INFO:colcon.colcon_core.shell:Creating environment hook '/home/jmazelin/ros2_ws/src/ROS2_Lidar_Robot/install/lidar_bot/share/lidar_bot/hook/ament_prefix_path.ps1'
[2.245s] INFO:colcon.colcon_core.shell:Creating environment descriptor '/home/jmazelin/ros2_ws/src/ROS2_Lidar_Robot/install/lidar_bot/share/lidar_bot/hook/ament_prefix_path.dsv'
[2.249s] INFO:colcon.colcon_core.shell:Creating environment hook '/home/jmazelin/ros2_ws/src/ROS2_Lidar_Robot/install/lidar_bot/share/lidar_bot/hook/ament_prefix_path.sh'
[2.255s] INFO:colcon.colcon_core.shell:Skip shell extension 'powershell' for command environment: Not usable outside of PowerShell
[2.257s] DEBUG:colcon.colcon_core.shell:Skip shell extension 'dsv' for command environment
[4.858s] INFO:colcon.colcon_core.task.python.build:Building Python package in '/home/jmazelin/ros2_ws/src/ROS2_Lidar_Robot/lidar_bot'
[4.860s] INFO:colcon.colcon_core.shell:Skip shell extension 'powershell' for command environment: Not usable outside of PowerShell
[4.860s] DEBUG:colcon.colcon_core.shell:Skip shell extension 'dsv' for command environment
[7.994s] DEBUG:colcon.colcon_core.event_handler.log_command:Invoking command in '/home/jmazelin/ros2_ws/src/ROS2_Lidar_Robot/lidar_bot': PYTHONPATH=/home/jmazelin/ros2_ws/src/ROS2_Lidar_Robot/build/lidar_bot/prefix_override:/usr/lib/python3/dist-packages/colcon_core/task/python/colcon_distutils_commands:/home/jmazelin/ros2_ws/src/ROS2_Lidar_Robot/install/lidar_bot/lib/python3.10/site-packages:${PYTHONPATH} /usr/bin/python3 -W ignore:setup.py install is deprecated -W ignore:easy_install command is deprecated setup.py egg_info --egg-base ../build/lidar_bot build --build-base /home/jmazelin/ros2_ws/src/ROS2_Lidar_Robot/build/lidar_bot/build install --record /home/jmazelin/ros2_ws/src/ROS2_Lidar_Robot/build/lidar_bot/install.log --single-version-externally-managed install_data
[10.289s] DEBUG:colcon.colcon_core.event_handler.log_command:Invoked command in '/home/jmazelin/ros2_ws/src/ROS2_Lidar_Robot/lidar_bot' returned '0': PYTHONPATH=/home/jmazelin/ros2_ws/src/ROS2_Lidar_Robot/build/lidar_bot/prefix_override:/usr/lib/python3/dist-packages/colcon_core/task/python/colcon_distutils_commands:/home/jmazelin/ros2_ws/src/ROS2_Lidar_Robot/install/lidar_bot/lib/python3.10/site-packages:${PYTHONPATH} /usr/bin/python3 -W ignore:setup.py install is deprecated -W ignore:easy_install command is deprecated setup.py egg_info --egg-base ../build/lidar_bot build --build-base /home/jmazelin/ros2_ws/src/ROS2_Lidar_Robot/build/lidar_bot/build install --record /home/jmazelin/ros2_ws/src/ROS2_Lidar_Robot/build/lidar_bot/install.log --single-version-externally-managed install_data
[10.304s] Level 1:colcon.colcon_core.environment:checking '/home/jmazelin/ros2_ws/src/ROS2_Lidar_Robot/install/lidar_bot' for CMake module files
[10.308s] Level 1:colcon.colcon_core.environment:checking '/home/jmazelin/ros2_ws/src/ROS2_Lidar_Robot/install/lidar_bot' for CMake config files
[10.313s] Level 1:colcon.colcon_core.environment:checking '/home/jmazelin/ros2_ws/src/ROS2_Lidar_Robot/install/lidar_bot/lib'
[10.314s] Level 1:colcon.colcon_core.environment:checking '/home/jmazelin/ros2_ws/src/ROS2_Lidar_Robot/install/lidar_bot/bin'
[10.315s] Level 1:colcon.colcon_core.environment:checking '/home/jmazelin/ros2_ws/src/ROS2_Lidar_Robot/install/lidar_bot/lib/pkgconfig/lidar_bot.pc'
[10.316s] Level 1:colcon.colcon_core.environment:checking '/home/jmazelin/ros2_ws/src/ROS2_Lidar_Robot/install/lidar_bot/lib/python3.10/site-packages'
[10.316s] Level 1:colcon.colcon_core.shell:create_environment_hook('lidar_bot', 'pythonpath')
[10.317s] INFO:colcon.colcon_core.shell:Creating environment hook '/home/jmazelin/ros2_ws/src/ROS2_Lidar_Robot/install/lidar_bot/share/lidar_bot/hook/pythonpath.ps1'
[10.319s] INFO:colcon.colcon_core.shell:Creating environment descriptor '/home/jmazelin/ros2_ws/src/ROS2_Lidar_Robot/install/lidar_bot/share/lidar_bot/hook/pythonpath.dsv'
[10.322s] INFO:colcon.colcon_core.shell:Creating environment hook '/home/jmazelin/ros2_ws/src/ROS2_Lidar_Robot/install/lidar_bot/share/lidar_bot/hook/pythonpath.sh'
[10.325s] Level 1:colcon.colcon_core.environment:checking '/home/jmazelin/ros2_ws/src/ROS2_Lidar_Robot/install/lidar_bot/bin'
[10.325s] Level 1:colcon.colcon_core.environment:create_environment_scripts_only(lidar_bot)
[10.327s] INFO:colcon.colcon_core.shell:Creating package script '/home/jmazelin/ros2_ws/src/ROS2_Lidar_Robot/install/lidar_bot/share/lidar_bot/package.ps1'
[10.331s] INFO:colcon.colcon_core.shell:Creating package descriptor '/home/jmazelin/ros2_ws/src/ROS2_Lidar_Robot/install/lidar_bot/share/lidar_bot/package.dsv'
[10.335s] INFO:colcon.colcon_core.shell:Creating package script '/home/jmazelin/ros2_ws/src/ROS2_Lidar_Robot/install/lidar_bot/share/lidar_bot/package.sh'
[10.339s] INFO:colcon.colcon_core.shell:Creating package script '/home/jmazelin/ros2_ws/src/ROS2_Lidar_Robot/install/lidar_bot/share/lidar_bot/package.bash'
[10.343s] INFO:colcon.colcon_core.shell:Creating package script '/home/jmazelin/ros2_ws/src/ROS2_Lidar_Robot/install/lidar_bot/share/lidar_bot/package.zsh'
[10.347s] Level 1:colcon.colcon_core.environment:create_file_with_runtime_dependencies(/home/jmazelin/ros2_ws/src/ROS2_Lidar_Robot/install/lidar_bot/share/colcon-core/packages/lidar_bot)
[10.348s] DEBUG:colcon.colcon_parallel_executor.executor.parallel:closing loop
[10.350s] DEBUG:colcon.colcon_parallel_executor.executor.parallel:loop closed
[10.351s] DEBUG:colcon.colcon_parallel_executor.executor.parallel:run_until_complete finished with '0'
[10.351s] DEBUG:colcon.colcon_core.event_reactor:joining thread
[10.377s] INFO:colcon.colcon_core.plugin_system:Skipping extension 'colcon_notification.desktop_notification.notify_send': Could not find 'notify-send'
[10.378s] INFO:colcon.colcon_core.plugin_system:Skipping extension 'colcon_notification.desktop_notification.terminal_notifier': Not used on non-Darwin systems
[10.378s] INFO:colcon.colcon_core.plugin_system:Skipping extension 'colcon_notification.desktop_notification.win32': Not used on non-Windows systems
[10.379s] INFO:colcon.colcon_notification.desktop_notification:Sending desktop notification using 'notify2'
[10.383s] DEBUG:colcon.colcon_notification.desktop_notification.notify2:Failed to initialize notify2: org.freedesktop.DBus.Error.ServiceUnknown: The name org.freedesktop.Notifications was not provided by any .service files
[10.384s] DEBUG:colcon.colcon_core.event_reactor:joined thread
[10.385s] INFO:colcon.colcon_core.shell:Creating prefix script '/home/jmazelin/ros2_ws/src/ROS2_Lidar_Robot/install/local_setup.ps1'
[10.390s] INFO:colcon.colcon_core.shell:Creating prefix util module '/home/jmazelin/ros2_ws/src/ROS2_Lidar_Robot/install/_local_setup_util_ps1.py'
[10.400s] INFO:colcon.colcon_core.shell:Creating prefix chain script '/home/jmazelin/ros2_ws/src/ROS2_Lidar_Robot/install/setup.ps1'
[10.405s] INFO:colcon.colcon_core.shell:Creating prefix script '/home/jmazelin/ros2_ws/src/ROS2_Lidar_Robot/install/local_setup.sh'
[10.409s] INFO:colcon.colcon_core.shell:Creating prefix util module '/home/jmazelin/ros2_ws/src/ROS2_Lidar_Robot/install/_local_setup_util_sh.py'
[10.412s] INFO:colcon.colcon_core.shell:Creating prefix chain script '/home/jmazelin/ros2_ws/src/ROS2_Lidar_Robot/install/setup.sh'
[10.418s] INFO:colcon.colcon_core.shell:Creating prefix script '/home/jmazelin/ros2_ws/src/ROS2_Lidar_Robot/install/local_setup.bash'
[10.421s] INFO:colcon.colcon_core.shell:Creating prefix chain script '/home/jmazelin/ros2_ws/src/ROS2_Lidar_Robot/install/setup.bash'
[10.426s] INFO:colcon.colcon_core.shell:Creating prefix script '/home/jmazelin/ros2_ws/src/ROS2_Lidar_Robot/install/local_setup.zsh'
[10.429s] INFO:colcon.colcon_core.shell:Creating prefix chain script '/home/jmazelin/ros2_ws/src/ROS2_Lidar_Robot/install/setup.zsh'
