/home/jmazelin/ros2_ws/src/ROS2_Lidar_Robot/install/lidar_bot/lib/python3.10/site-packages/lidar_bot/publisher.py
/home/jmazelin/ros2_ws/src/ROS2_Lidar_Robot/install/lidar_bot/lib/python3.10/site-packages/lidar_bot/subscriber.py
/home/jmazelin/ros2_ws/src/ROS2_Lidar_Robot/install/lidar_bot/lib/python3.10/site-packages/lidar_bot/__init__.py
/home/jmazelin/ros2_ws/src/ROS2_Lidar_Robot/install/lidar_bot/lib/python3.10/site-packages/lidar_bot/main.py
/home/jmazelin/ros2_ws/src/ROS2_Lidar_Robot/install/lidar_bot/lib/python3.10/site-packages/lidar_bot/constants.py
/home/jmazelin/ros2_ws/src/ROS2_Lidar_Robot/install/lidar_bot/lib/python3.10/site-packages/lidar_bot/teleop.py
/home/jmazelin/ros2_ws/src/ROS2_Lidar_Robot/install/lidar_bot/lib/python3.10/site-packages/lidar_bot/drivebase.py
/home/jmazelin/ros2_ws/src/ROS2_Lidar_Robot/install/lidar_bot/lib/python3.10/site-packages/lidar_bot/cmd_to_pwm_driver.py
/home/jmazelin/ros2_ws/src/ROS2_Lidar_Robot/install/lidar_bot/lib/python3.10/site-packages/lidar_bot/motor.py
/home/jmazelin/ros2_ws/src/ROS2_Lidar_Robot/install/lidar_bot/lib/python3.10/site-packages/lidar_bot/__pycache__/publisher.cpython-310.pyc
/home/jmazelin/ros2_ws/src/ROS2_Lidar_Robot/install/lidar_bot/lib/python3.10/site-packages/lidar_bot/__pycache__/subscriber.cpython-310.pyc
/home/jmazelin/ros2_ws/src/ROS2_Lidar_Robot/install/lidar_bot/lib/python3.10/site-packages/lidar_bot/__pycache__/__init__.cpython-310.pyc
/home/jmazelin/ros2_ws/src/ROS2_Lidar_Robot/install/lidar_bot/lib/python3.10/site-packages/lidar_bot/__pycache__/main.cpython-310.pyc
/home/jmazelin/ros2_ws/src/ROS2_Lidar_Robot/install/lidar_bot/lib/python3.10/site-packages/lidar_bot/__pycache__/constants.cpython-310.pyc
/home/jmazelin/ros2_ws/src/ROS2_Lidar_Robot/install/lidar_bot/lib/python3.10/site-packages/lidar_bot/__pycache__/teleop.cpython-310.pyc
/home/jmazelin/ros2_ws/src/ROS2_Lidar_Robot/install/lidar_bot/lib/python3.10/site-packages/lidar_bot/__pycache__/drivebase.cpython-310.pyc
/home/jmazelin/ros2_ws/src/ROS2_Lidar_Robot/install/lidar_bot/lib/python3.10/site-packages/lidar_bot/__pycache__/cmd_to_pwm_driver.cpython-310.pyc
/home/jmazelin/ros2_ws/src/ROS2_Lidar_Robot/install/lidar_bot/lib/python3.10/site-packages/lidar_bot/__pycache__/motor.cpython-310.pyc
/home/jmazelin/ros2_ws/src/ROS2_Lidar_Robot/install/lidar_bot/share/ament_index/resource_index/packages/lidar_bot
/home/jmazelin/ros2_ws/src/ROS2_Lidar_Robot/install/lidar_bot/share/lidar_bot/package.xml
/home/jmazelin/ros2_ws/src/ROS2_Lidar_Robot/install/lidar_bot/lib/python3.10/site-packages/lidar_bot-0.0.0-py3.10.egg-info/PKG-INFO
/home/jmazelin/ros2_ws/src/ROS2_Lidar_Robot/install/lidar_bot/lib/python3.10/site-packages/lidar_bot-0.0.0-py3.10.egg-info/top_level.txt
/home/jmazelin/ros2_ws/src/ROS2_Lidar_Robot/install/lidar_bot/lib/python3.10/site-packages/lidar_bot-0.0.0-py3.10.egg-info/SOURCES.txt
/home/jmazelin/ros2_ws/src/ROS2_Lidar_Robot/install/lidar_bot/lib/python3.10/site-packages/lidar_bot-0.0.0-py3.10.egg-info/entry_points.txt
/home/jmazelin/ros2_ws/src/ROS2_Lidar_Robot/install/lidar_bot/lib/python3.10/site-packages/lidar_bot-0.0.0-py3.10.egg-info/requires.txt
/home/jmazelin/ros2_ws/src/ROS2_Lidar_Robot/install/lidar_bot/lib/python3.10/site-packages/lidar_bot-0.0.0-py3.10.egg-info/dependency_links.txt
/home/jmazelin/ros2_ws/src/ROS2_Lidar_Robot/install/lidar_bot/lib/python3.10/site-packages/lidar_bot-0.0.0-py3.10.egg-info/zip-safe
/home/jmazelin/ros2_ws/src/ROS2_Lidar_Robot/install/lidar_bot/lib/lidar_bot/cmdVel_to_pwm_node
/home/jmazelin/ros2_ws/src/ROS2_Lidar_Robot/install/lidar_bot/lib/lidar_bot/publisher_rpi_node
/home/jmazelin/ros2_ws/src/ROS2_Lidar_Robot/install/lidar_bot/lib/lidar_bot/subscriber_rpi_node
