running egg_info
creating ../build/lidar_bot/lidar_bot.egg-info
writing ../build/lidar_bot/lidar_bot.egg-info/PKG-INFO
writing dependency_links to ../build/lidar_bot/lidar_bot.egg-info/dependency_links.txt
writing entry points to ../build/lidar_bot/lidar_bot.egg-info/entry_points.txt
writing requirements to ../build/lidar_bot/lidar_bot.egg-info/requires.txt
writing top-level names to ../build/lidar_bot/lidar_bot.egg-info/top_level.txt
writing manifest file '../build/lidar_bot/lidar_bot.egg-info/SOURCES.txt'
reading manifest file '../build/lidar_bot/lidar_bot.egg-info/SOURCES.txt'
adding license file 'LICENSE'
writing manifest file '../build/lidar_bot/lidar_bot.egg-info/SOURCES.txt'
running build
running build_py
creating /home/jmazelin/ros2_ws/src/ROS2_Lidar_Robot/build/lidar_bot/build
creating /home/jmazelin/ros2_ws/src/ROS2_Lidar_Robot/build/lidar_bot/build/lib
creating /home/jmazelin/ros2_ws/src/ROS2_Lidar_Robot/build/lidar_bot/build/lib/lidar_bot
copying lidar_bot/publisher.py -> /home/jmazelin/ros2_ws/src/ROS2_Lidar_Robot/build/lidar_bot/build/lib/lidar_bot
copying lidar_bot/subscriber.py -> /home/jmazelin/ros2_ws/src/ROS2_Lidar_Robot/build/lidar_bot/build/lib/lidar_bot
copying lidar_bot/__init__.py -> /home/jmazelin/ros2_ws/src/ROS2_Lidar_Robot/build/lidar_bot/build/lib/lidar_bot
copying lidar_bot/cmd_to_pwm_driver.py -> /home/jmazelin/ros2_ws/src/ROS2_Lidar_Robot/build/lidar_bot/build/lib/lidar_bot
running install
running install_lib
creating /home/jmazelin/ros2_ws/src/ROS2_Lidar_Robot/install/lidar_bot/lib/python3.10/site-packages/lidar_bot
copying /home/jmazelin/ros2_ws/src/ROS2_Lidar_Robot/build/lidar_bot/build/lib/lidar_bot/publisher.py -> /home/jmazelin/ros2_ws/src/ROS2_Lidar_Robot/install/lidar_bot/lib/python3.10/site-packages/lidar_bot
copying /home/jmazelin/ros2_ws/src/ROS2_Lidar_Robot/build/lidar_bot/build/lib/lidar_bot/subscriber.py -> /home/jmazelin/ros2_ws/src/ROS2_Lidar_Robot/install/lidar_bot/lib/python3.10/site-packages/lidar_bot
copying /home/jmazelin/ros2_ws/src/ROS2_Lidar_Robot/build/lidar_bot/build/lib/lidar_bot/__init__.py -> /home/jmazelin/ros2_ws/src/ROS2_Lidar_Robot/install/lidar_bot/lib/python3.10/site-packages/lidar_bot
copying /home/jmazelin/ros2_ws/src/ROS2_Lidar_Robot/build/lidar_bot/build/lib/lidar_bot/cmd_to_pwm_driver.py -> /home/jmazelin/ros2_ws/src/ROS2_Lidar_Robot/install/lidar_bot/lib/python3.10/site-packages/lidar_bot
byte-compiling /home/jmazelin/ros2_ws/src/ROS2_Lidar_Robot/install/lidar_bot/lib/python3.10/site-packages/lidar_bot/publisher.py to publisher.cpython-310.pyc
byte-compiling /home/jmazelin/ros2_ws/src/ROS2_Lidar_Robot/install/lidar_bot/lib/python3.10/site-packages/lidar_bot/subscriber.py to subscriber.cpython-310.pyc
byte-compiling /home/jmazelin/ros2_ws/src/ROS2_Lidar_Robot/install/lidar_bot/lib/python3.10/site-packages/lidar_bot/__init__.py to __init__.cpython-310.pyc
byte-compiling /home/jmazelin/ros2_ws/src/ROS2_Lidar_Robot/install/lidar_bot/lib/python3.10/site-packages/lidar_bot/cmd_to_pwm_driver.py to cmd_to_pwm_driver.cpython-310.pyc
running install_data
creating /home/jmazelin/ros2_ws/src/ROS2_Lidar_Robot/install/lidar_bot/share/ament_index
creating /home/jmazelin/ros2_ws/src/ROS2_Lidar_Robot/install/lidar_bot/share/ament_index/resource_index
creating /home/jmazelin/ros2_ws/src/ROS2_Lidar_Robot/install/lidar_bot/share/ament_index/resource_index/packages
copying resource/lidar_bot -> /home/jmazelin/ros2_ws/src/ROS2_Lidar_Robot/install/lidar_bot/share/ament_index/resource_index/packages
copying package.xml -> /home/jmazelin/ros2_ws/src/ROS2_Lidar_Robot/install/lidar_bot/share/lidar_bot
running install_egg_info
Copying ../build/lidar_bot/lidar_bot.egg-info to /home/jmazelin/ros2_ws/src/ROS2_Lidar_Robot/install/lidar_bot/lib/python3.10/site-packages/lidar_bot-0.0.0-py3.10.egg-info
running install_scripts
Installing publisher_rpi_node script to /home/jmazelin/ros2_ws/src/ROS2_Lidar_Robot/install/lidar_bot/lib/lidar_bot
Installing subscriber_rpi_node script to /home/jmazelin/ros2_ws/src/ROS2_Lidar_Robot/install/lidar_bot/lib/lidar_bot
writing list of installed files to '/home/jmazelin/ros2_ws/src/ROS2_Lidar_Robot/build/lidar_bot/install.log'
